#
# There is insufficient memory for the Java Runtime Environment to continue.
# Native memory allocation (mmap) failed to map 201326592 bytes. Error detail: G1 virtual space
# Possible reasons:
#   The system is out of physical RAM or swap space
#   This process is running with CompressedOops enabled, and the Java Heap may be blocking the growth of the native heap
# Possible solutions:
#   Reduce memory load on the system
#   Increase physical memory or swap space
#   Check if swap backing store is full
#   Decrease Java heap size (-Xmx/-Xms)
#   Decrease number of Java threads
#   Decrease Java thread stack sizes (-Xss)
#   Set larger code cache with -XX:ReservedCodeCacheSize=
#   JVM is running with Zero Based Compressed Oops mode in which the Java heap is
#     placed in the first 32GB address space. The Java Heap base address is the
#     maximum limit for the native heap growth. Please use -XX:HeapBaseMinAddress
#     to set the Java Heap base and to place the Java Heap above 32GB virtual address.
# This output file may be truncated or incomplete.
#
#  Out of Memory Error (os_windows.cpp:3618), pid=13564, tid=15624
#
# JRE version:  (17.0.17+10) (build )
# Java VM: OpenJDK 64-Bit Server VM (17.0.17+10, mixed mode, sharing, tiered, compressed oops, compressed class ptrs, g1 gc, windows-amd64)
# No core dump will be written. Minidumps are not enabled by default on client versions of Windows
#

---------------  S U M M A R Y ------------

Command Line: com.google.prefab.cli.AppKt --build-system cmake --platform android --abi arm64-v8a --os-version 24 --stl c++_shared --ndk-version 29 --output C:\\Users\\User\\AppData\\Local\\Temp\\agp-prefab-staging12552146810562540956\\staged-cli-output C:\\Users\\User\\.gradle\\caches\\9.0.0\\transforms\\1e84847373c8b60ddb3f088099977c2a\\transformed\\react-android-0.82.1-debug\\prefab C:\\Apps\\GrowDay-Mobile\\android\\app\\build\\intermediates\\cxx\\refs\\react-native-reanimated\\3w2bs4yu C:\\Apps\\GrowDay-Mobile\\android\\app\\build\\intermediates\\cxx\\refs\\react-native-worklets\\4h3t4u3p C:\\Users\\User\\.gradle\\caches\\9.0.0\\transforms\\2b2a34f399e6566a4bc7f9555d03a28a\\transformed\\hermes-android-0.82.1-debug\\prefab C:\\Users\\User\\.gradle\\caches\\9.0.0\\transforms\\5fa135f9220cf0ae1e3ee40cd371125b\\transformed\\fbjni-0.7.0\\prefab

Host: Intel(R) Core(TM) i7-4510U CPU @ 2.00GHz, 4 cores, 11G,  Windows 10 , 64 bit Build 19041 (10.0.19041.5915)
Time: Thu Mar 26 20:21:56 2026 Azerbaijan Standard Time elapsed time: 0.024026 seconds (0d 0h 0m 0s)

---------------  T H R E A D  ---------------

Current thread (0x0000026f5d363fb0):  JavaThread "Unknown thread" [_thread_in_vm, id=15624, stack(0x00000073be900000,0x00000073bea00000)]

Stack: [0x00000073be900000,0x00000073bea00000]
Native frames: (J=compiled Java code, j=interpreted, Vv=VM code, C=native code)
V  [jvm.dll+0x683fb9]
V  [jvm.dll+0x83a1b5]
V  [jvm.dll+0x83bc2e]
V  [jvm.dll+0x83c2b3]
V  [jvm.dll+0x248eff]
V  [jvm.dll+0x680d79]
V  [jvm.dll+0x675b7a]
V  [jvm.dll+0x3091a7]
V  [jvm.dll+0x310776]
V  [jvm.dll+0x360bbe]
V  [jvm.dll+0x360dfd]
V  [jvm.dll+0x2e022c]
V  [jvm.dll+0x2e1138]
V  [jvm.dll+0x80c6cb]
V  [jvm.dll+0x36e841]
V  [jvm.dll+0x7eb2a5]
V  [jvm.dll+0x3f444b]
V  [jvm.dll+0x3f5f31]
C  [jli.dll+0x52d0]
C  [ucrtbase.dll+0x21bb2]
C  [KERNEL32.DLL+0x17374]
C  [ntdll.dll+0x4cc91]


---------------  P R O C E S S  ---------------

Threads class SMR info:
_java_thread_list=0x00007fffa4f07f58, length=0, elements={
}

Java Threads: ( => current thread )

Other Threads:
  0x0000026f5d3be2c0 GCTaskThread "GC Thread#0" [stack: 0x00000073bea00000,0x00000073beb00000] [id=11580]
  0x0000026f5d3cb060 ConcurrentGCThread "G1 Main Marker" [stack: 0x00000073beb00000,0x00000073bec00000] [id=21320]
  0x0000026f5d3cc220 ConcurrentGCThread "G1 Conc#0" [stack: 0x00000073bec00000,0x00000073bed00000] [id=21012]

[error occurred during error reporting (printing all threads), id 0xc0000005, EXCEPTION_ACCESS_VIOLATION (0xc0000005) at pc=0x00007fffa46c0d57]

VM state: not at safepoint (not fully initialized)

VM Mutex/Monitor currently owned by a thread:  ([mutex/lock_event])
[0x0000026f5d360350] Heap_lock - owner thread: 0x0000026f5d363fb0

Heap address: 0x0000000741a00000, size: 3046 MB, Compressed Oops mode: Zero based, Oop shift amount: 3

CDS archive(s) mapped at: [0x0000000000000000-0x0000000000000000-0x0000000000000000), size 0, SharedBaseAddress: 0x0000000800000000, ArchiveRelocationMode: 1.
Narrow klass base: 0x0000000000000000, Narrow klass shift: 0, Narrow klass range: 0x0

GC Precious Log:
<Empty>

Heap:
 garbage-first heap   total 0K, used 0K [0x0000000741a00000, 0x0000000800000000)
  region size 2048K, 0 young (0K), 0 survivors (0K)

[error occurred during error reporting (printing heap information), id 0xc0000005, EXCEPTION_ACCESS_VIOLATION (0xc0000005) at pc=0x00007fffa4aad5c9]

GC Heap History (0 events):
No events

Dll operation events (1 events):
Event: 0.015 Loaded shared library C:\Program Files\Eclipse Adoptium\jdk-17.0.17.10-hotspot\bin\java.dll

Deoptimization events (0 events):
No events

Classes loaded (0 events):
No events

Classes unloaded (0 events):
No events

Classes redefined (0 events):
No events

Internal exceptions (0 events):
No events

VM Operations (0 events):
No events

Memory protections (0 events):
No events

Nmethod flushes (0 events):
No events

Events (0 events):
No events


Dynamic libraries:
0x00007ff60ac50000 - 0x00007ff60ac5e000 	C:\Program Files\Eclipse Adoptium\jdk-17.0.17.10-hotspot\bin\java.exe
0x00007ff8dd650000 - 0x00007ff8dd848000 	C:\WINDOWS\SYSTEM32\ntdll.dll
0x00007ff8dc170000 - 0x00007ff8dc232000 	C:\WINDOWS\System32\KERNEL32.DLL
0x00007ff8dadb0000 - 0x00007ff8db0a6000 	C:\WINDOWS\System32\KERNELBASE.dll
0x00007ff8db2d0000 - 0x00007ff8db3d0000 	C:\WINDOWS\System32\ucrtbase.dll
0x00007fffc5f30000 - 0x00007fffc5f4e000 	C:\Program Files\Eclipse Adoptium\jdk-17.0.17.10-hotspot\bin\VCRUNTIME140.dll
0x00007fffc6480000 - 0x00007fffc6498000 	C:\Program Files\Eclipse Adoptium\jdk-17.0.17.10-hotspot\bin\jli.dll
0x00007ff8dca50000 - 0x00007ff8dcbf1000 	C:\WINDOWS\System32\USER32.dll
0x00007ff8db0b0000 - 0x00007ff8db0d2000 	C:\WINDOWS\System32\win32u.dll
0x00007ff8c85d0000 - 0x00007ff8c886b000 	C:\WINDOWS\WinSxS\amd64_microsoft.windows.common-controls_6595b64144ccf1df_6.0.19041.6456_none_60b8a6cb71f64256\COMCTL32.dll
0x00007ff8dc940000 - 0x00007ff8dc96b000 	C:\WINDOWS\System32\GDI32.dll
0x00007ff8dc470000 - 0x00007ff8dc50e000 	C:\WINDOWS\System32\msvcrt.dll
0x00007ff8db130000 - 0x00007ff8db249000 	C:\WINDOWS\System32\gdi32full.dll
0x00007ff8dad10000 - 0x00007ff8dadad000 	C:\WINDOWS\System32\msvcp_win.dll
0x00007ff8dc440000 - 0x00007ff8dc46f000 	C:\WINDOWS\System32\IMM32.DLL
0x00007fffd3960000 - 0x00007fffd396c000 	C:\Program Files\Eclipse Adoptium\jdk-17.0.17.10-hotspot\bin\vcruntime140_1.dll
0x00007fffc4440000 - 0x00007fffc44cd000 	C:\Program Files\Eclipse Adoptium\jdk-17.0.17.10-hotspot\bin\msvcp140.dll
0x00007fffa43d0000 - 0x00007fffa503b000 	C:\Program Files\Eclipse Adoptium\jdk-17.0.17.10-hotspot\bin\server\jvm.dll
0x00007ff8dcc00000 - 0x00007ff8dccb1000 	C:\WINDOWS\System32\ADVAPI32.dll
0x00007ff8dd450000 - 0x00007ff8dd4ef000 	C:\WINDOWS\System32\sechost.dll
0x00007ff8dc320000 - 0x00007ff8dc440000 	C:\WINDOWS\System32\RPCRT4.dll
0x00007ff8dace0000 - 0x00007ff8dad07000 	C:\WINDOWS\System32\bcrypt.dll
0x00007ff8dc650000 - 0x00007ff8dc6bb000 	C:\WINDOWS\System32\WS2_32.dll
0x00007ff8da1e0000 - 0x00007ff8da22b000 	C:\WINDOWS\SYSTEM32\POWRPROF.dll
0x00007ff8c9c80000 - 0x00007ff8c9ca7000 	C:\WINDOWS\SYSTEM32\WINMM.dll
0x00007ff8d3a40000 - 0x00007ff8d3a4a000 	C:\WINDOWS\SYSTEM32\VERSION.dll
0x00007ff8da0a0000 - 0x00007ff8da0b2000 	C:\WINDOWS\SYSTEM32\UMPDC.dll
0x00007ff8d94b0000 - 0x00007ff8d94c2000 	C:\WINDOWS\SYSTEM32\kernel.appcore.dll
0x00007fffcddc0000 - 0x00007fffcddca000 	C:\Program Files\Eclipse Adoptium\jdk-17.0.17.10-hotspot\bin\jimage.dll
0x00007ff8d80b0000 - 0x00007ff8d82b1000 	C:\WINDOWS\SYSTEM32\DBGHELP.DLL
0x00007ff8bd160000 - 0x00007ff8bd194000 	C:\WINDOWS\SYSTEM32\dbgcore.DLL
0x00007ff8db3d0000 - 0x00007ff8db452000 	C:\WINDOWS\System32\bcryptPrimitives.dll
0x00007fffc5f00000 - 0x00007fffc5f25000 	C:\Program Files\Eclipse Adoptium\jdk-17.0.17.10-hotspot\bin\java.dll

dbghelp: loaded successfully - version: 4.0.5 - missing functions: none
symbol engine: initialized successfully - sym options: 0x614 - pdb path: .;C:\Program Files\Eclipse Adoptium\jdk-17.0.17.10-hotspot\bin;C:\WINDOWS\SYSTEM32;C:\WINDOWS\WinSxS\amd64_microsoft.windows.common-controls_6595b64144ccf1df_6.0.19041.6456_none_60b8a6cb71f64256;C:\Program Files\Eclipse Adoptium\jdk-17.0.17.10-hotspot\bin\server

VM Arguments:
java_command: com.google.prefab.cli.AppKt --build-system cmake --platform android --abi arm64-v8a --os-version 24 --stl c++_shared --ndk-version 29 --output C:\\Users\\User\\AppData\\Local\\Temp\\agp-prefab-staging12552146810562540956\\staged-cli-output C:\\Users\\User\\.gradle\\caches\\9.0.0\\transforms\\1e84847373c8b60ddb3f088099977c2a\\transformed\\react-android-0.82.1-debug\\prefab C:\\Apps\\GrowDay-Mobile\\android\\app\\build\\intermediates\\cxx\\refs\\react-native-reanimated\\3w2bs4yu C:\\Apps\\GrowDay-Mobile\\android\\app\\build\\intermediates\\cxx\\refs\\react-native-worklets\\4h3t4u3p C:\\Users\\User\\.gradle\\caches\\9.0.0\\transforms\\2b2a34f399e6566a4bc7f9555d03a28a\\transformed\\hermes-android-0.82.1-debug\\prefab C:\\Users\\User\\.gradle\\caches\\9.0.0\\transforms\\5fa135f9220cf0ae1e3ee40cd371125b\\transformed\\fbjni-0.7.0\\prefab
java_class_path (initial): C:\\Users\\User\\.gradle\\caches\\modules-2\\files-2.1\\com.google.prefab\\cli\\2.1.0\\aa32fec809c44fa531f01dcfb739b5b3304d3050\\cli-2.1.0-all.jar
Launcher Type: SUN_STANDARD

[Global flags]
     intx CICompilerCount                          = 3                                         {product} {ergonomic}
     uint ConcGCThreads                            = 1                                         {product} {ergonomic}
     uint G1ConcRefinementThreads                  = 4                                         {product} {ergonomic}
   size_t G1HeapRegionSize                         = 2097152                                   {product} {ergonomic}
    uintx GCDrainStackTargetSize                   = 64                                        {product} {ergonomic}
   size_t InitialHeapSize                          = 201326592                                 {product} {ergonomic}
   size_t MarkStackSize                            = 4194304                                   {product} {ergonomic}
   size_t MaxHeapSize                              = 3193962496                                {product} {ergonomic}
   size_t MinHeapDeltaBytes                        = 2097152                                   {product} {ergonomic}
   size_t MinHeapSize                              = 8388608                                   {product} {ergonomic}
    uintx NonNMethodCodeHeapSize                   = 5832780                                {pd product} {ergonomic}
    uintx NonProfiledCodeHeapSize                  = 122912730                              {pd product} {ergonomic}
    uintx ProfiledCodeHeapSize                     = 122912730                              {pd product} {ergonomic}
    uintx ReservedCodeCacheSize                    = 251658240                              {pd product} {ergonomic}
     bool SegmentedCodeCache                       = true                                      {product} {ergonomic}
   size_t SoftMaxHeapSize                          = 3193962496                             {manageable} {ergonomic}
     bool UseCompressedClassPointers               = true                           {product lp64_product} {ergonomic}
     bool UseCompressedOops                        = true                           {product lp64_product} {ergonomic}
     bool UseG1GC                                  = true                                      {product} {ergonomic}
     bool UseLargePagesIndividualAllocation        = false                                  {pd product} {ergonomic}

Logging:
Log output configuration:
 #0: stdout all=warning uptime,level,tags
 #1: stderr all=off uptime,level,tags

Environment Variables:
JAVA_HOME=C:\Program Files\Eclipse Adoptium\jdk-17.0.17.10-hotspot\
PATH=C:\Apps\GrowDay-Mobile\node_modules\.bin;C:\Apps\GrowDay-Mobile\node_modules\.bin;C:\Apps\node_modules\.bin;C:\node_modules\.bin;C:\Users\User\AppData\Local\nvm\v20.20.1\node_modules\npm\node_modules\@npmcli\run-script\lib\node-gyp-bin;C:\Program Files (x86)\Common Files\Oracle\Java\javapath;C:\app\User\product\11.2.0\dbhome_2\bin;C:\app\User\product\11.2.0\client_2\bin;C:\app\User\product\11.2.0\client_1;C:\Python314\Scripts\;C:\Python314\;C:\Program Files\Eclipse Adoptium\jdk-17.0.17.10-hotspot\bin;C:\app\User\product\11.2.0\client_1\bin;C:\WINDOWS\system32;C:\WINDOWS;C:\WINDOWS\System32\Wbem;C:\WINDOWS\System32\WindowsPowerShell\v1.0\;C:\WINDOWS\System32\OpenSSH\;C:\Program Files\NVIDIA Corporation\NVIDIA App\NvDLISR;C:\Program Files (x86)\NVIDIA Corporation\PhysX\Common;C:\Program Files (x86)\Microsoft SQL Server\160\Tools\Binn\;C:\Program Files\Microsoft SQL Server\160\Tools\Binn\;C:\Program Files\Microsoft SQL Server\Client SDK\ODBC\170\Tools\Binn\;C:\Program Files\Microsoft SQL Server\160\DTS\Binn\;C:\Program Files\Git\cmd;C:\Program Files\cursor\resources\app\bin;C:\Program Files\Microsoft SQL Server\150\Tools\Binn\;C:\Program Files\dotnet\;C:\ProgramData\chocolatey\bin;C:\Program Files (x86)\Windows Kits\10\Windows Performance Toolkit\;C:\Program Files\Docker\Docker\resources\bin;C:\Users\User\AppData\Local\nvm;C:\nvm4w\nodejs;C:\Users\User\AppData\Local\Microsoft\WindowsApps;C:\Users\User\AppData\Local\Programs\Microsoft VS Code\bin;C:\Users\User\.dotnet\tools;C:\Users\User\AppData\Roaming\npm;C:\Users\User\AppData\Local\Android\Sdk\platform-tools;C:\Users\User\AppData\Local\Android\Sdk\emulator;C:\Users\User\AppData\Local\Android\Sdk\tools;C:\Users\User\AppData\Local\Android\Sdk\tools\bin;C:\Users\User\AppData\Local\Programs\Antigravity\bin;C:\Users\User\AppData\Local\nvm;C:\nvm4w\nodejs;c:\Users\User\.antigravity\extensions\vscjava.vscode-java-debug-0.58.5-universal\bundled\scripts\noConfigScripts
USERNAME=User
LANG=en_US.UTF-8
OS=Windows_NT
PROCESSOR_IDENTIFIER=Intel64 Family 6 Model 69 Stepping 1, GenuineIntel
TMP=C:\Users\User\AppData\Local\Temp
TEMP=C:\Users\User\AppData\Local\Temp



Periodic native trim disabled


---------------  S Y S T E M  ---------------

OS:
 Windows 10 , 64 bit Build 19041 (10.0.19041.5915)
OS uptime: 3 days 5:21 hours
Hyper-V role detected

CPU: total 4 (initial active 4) (2 cores per cpu, 2 threads per core) family 6 model 69 stepping 1 microcode 0x25, cx8, cmov, fxsr, ht, mmx, sse, sse2, sse3, ssse3, sse4.1, sse4.2, popcnt, lzcnt, tsc, tscinvbit, avx, avx2, aes, erms, clmul, bmi1, bmi2, fma, vzeroupper, clflush, hv
Processor Information for all 4 processors :
  Max Mhz: 2601, Current Mhz: 2601, Mhz Limit: 2601

Memory: 4k page, system-wide physical 12176M (509M free)
TotalPageFile size 27823M (AvailPageFile size 138M)
current process WorkingSet (physical memory assigned to process): 10M, peak: 10M
current process commit charge ("private bytes"): 52M, peak: 243M

vm_info: OpenJDK 64-Bit Server VM (17.0.17+10) for windows-amd64 JRE (17.0.17+10), built on Oct 21 2025 23:25:32 by "admin" with unknown MS VC++:1942

END.
